0 info it worked if it ends with ok
1 verbose cli [ 'C:\\Program Files\\nodejs\\node.exe',
1 verbose cli   'C:\\Program Files\\nodejs\\node_modules\\npm\\bin\\npm-cli.js',
1 verbose cli   'start' ]
2 info using npm@3.10.10
3 info using node@v6.10.1
4 verbose run-script [ 'prestart', 'start', 'poststart' ]
5 info lifecycle whatsapp@~prestart: whatsapp@
6 silly lifecycle whatsapp@~prestart: no script for prestart, continuing
7 info lifecycle whatsapp@~start: whatsapp@
8 verbose lifecycle whatsapp@~start: unsafe-perm in lifecycle true
9 verbose lifecycle whatsapp@~start: PATH: C:\Program Files\nodejs\node_modules\npm\bin\node-gyp-bin;C:\meteor\whatsapp-clone\node_modules\.bin;C:\Users\ltatarin\bin;C:\Users\ltatarin\AppData\Local\GitHub\PortableGit_d76a6a98c9315931ec4927243517bc09e9b731a0\usr\local\bin;C:\Users\ltatarin\AppData\Local\GitHub\PortableGit_d76a6a98c9315931ec4927243517bc09e9b731a0\usr\bin;C:\Users\ltatarin\AppData\Local\GitHub\PortableGit_d76a6a98c9315931ec4927243517bc09e9b731a0\usr\bin;C:\Users\ltatarin\AppData\Local\GitHub\PortableGit_d76a6a98c9315931ec4927243517bc09e9b731a0\cmd;C:\Users\ltatarin\AppData\Local\GitHub\PortableGit_d76a6a98c9315931ec4927243517bc09e9b731a0\usr\bin;C:\Users\ltatarin\AppData\Local\GitHub\PortableGit_d76a6a98c9315931ec4927243517bc09e9b731a0\usr\share\git-tfs;C:\Users\ltatarin\AppData\Local\Apps\2.0\C46HJ2AR.K45\P4VZ3EON.BDJ\gith..tion_317444273a93ac29_0003.0001_cbe40ecbe3e419d4;C:\Users\ltatarin\AppData\Local\GitHub\lfs-amd64_1.2.0;C:\Program Files (x86)\NVIDIA Corporation\PhysX\Common;C:\ProgramData\Oracle\Java\javapath;C:\WINDOWS\system32;C:\WINDOWS;C:\WINDOWS\System32\Wbem;C:\WINDOWS\System32\WindowsPowerShell\v1.0;C:\xampp\php;C:\ProgramData\ComposerSetup\bin;C:\Program Files\Git\cmd;C:\Program Files (x86)\Microsoft SQL Server\Client SDK\ODBC\130\Tools\Binn;C:\Program Files (x86)\Microsoft SQL Server\130\Tools\Binn;C:\Program Files (x86)\Microsoft SQL Server\130\DTS\Binn;C:\Program Files (x86)\Microsoft SQL Server\130\Tools\Binn\ManagementStudio;C:\Program Files\Microsoft SQL Server\Client SDK\ODBC\110\Tools\Binn;C:\Program Files (x86)\Microsoft SQL Server\120\Tools\Binn;C:\Program Files\Microsoft SQL Server\120\Tools\Binn;C:\Program Files\Microsoft SQL Server\120\DTS\Binn;C:\Program Files (x86)\Skype\Phone;C:\Program Files\TortoiseGit\bin;C:\Program Files\nodejs;C:\Users\SYSTEM\AppData\Local\.meteor;C:\Users\ltatarin\AppData\Roaming\npm;C:\Users\ltatarin\AppData\Local\.meteor;C:\Program Files (x86)\Microsoft VS Code\bin;C:\Users\ltatarin\AppData\Local\Microsoft\WindowsApps;C:\Program Files (x86)\MSBuild\14.0\bin;C:\Program Files (x86)\Microsoft SDKs\Windows\v8.1A\bin\NETFX 4.5.1 Tools\x64;C:\Users\ltatarin\AppData\Local\GitHub\PortableGit_d76a6a98c9315931ec4927243517bc09e9b731a0\usr\bin\vendor_perl;C:\Users\ltatarin\AppData\Local\GitHub\PortableGit_d76a6a98c9315931ec4927243517bc09e9b731a0\usr\bin\core_perl
10 verbose lifecycle whatsapp@~start: CWD: C:\meteor\whatsapp-clone
11 silly lifecycle whatsapp@~start: Args: [ '/d /s /c', 'meteor --settings settings.json' ]
12 silly lifecycle whatsapp@~start: Returned: code: 1  signal: null
13 info lifecycle whatsapp@~start: Failed to exec start script
14 verbose stack Error: whatsapp@ start: `meteor --settings settings.json`
14 verbose stack Exit status 1
14 verbose stack     at EventEmitter.<anonymous> (C:\Program Files\nodejs\node_modules\npm\lib\utils\lifecycle.js:255:16)
14 verbose stack     at emitTwo (events.js:106:13)
14 verbose stack     at EventEmitter.emit (events.js:191:7)
14 verbose stack     at ChildProcess.<anonymous> (C:\Program Files\nodejs\node_modules\npm\lib\utils\spawn.js:40:14)
14 verbose stack     at emitTwo (events.js:106:13)
14 verbose stack     at ChildProcess.emit (events.js:191:7)
14 verbose stack     at maybeClose (internal/child_process.js:886:16)
14 verbose stack     at Process.ChildProcess._handle.onexit (internal/child_process.js:226:5)
15 verbose pkgid whatsapp@
16 verbose cwd C:\meteor\whatsapp-clone
17 error Windows_NT 10.0.14393
18 error argv "C:\\Program Files\\nodejs\\node.exe" "C:\\Program Files\\nodejs\\node_modules\\npm\\bin\\npm-cli.js" "start"
19 error node v6.10.1
20 error npm  v3.10.10
21 error code ELIFECYCLE
22 error whatsapp@ start: `meteor --settings settings.json`
22 error Exit status 1
23 error Failed at the whatsapp@ start script 'meteor --settings settings.json'.
23 error Make sure you have the latest version of node.js and npm installed.
23 error If you do, this is most likely a problem with the whatsapp package,
23 error not with npm itself.
23 error Tell the author that this fails on your system:
23 error     meteor --settings settings.json
23 error You can get information on how to open an issue for this project with:
23 error     npm bugs whatsapp
23 error Or if that isn't available, you can get their info via:
23 error     npm owner ls whatsapp
23 error There is likely additional logging output above.
24 verbose exit [ 1, true ]
